
8월 25, 2023 09:25:39.927 NEW SESSION
8월 25, 2023 09:25:39.927 [5908:11640:0825/092539.921:ERROR:cert_verify_proc_builtin.cc(701)] CertVerifyProcBuiltin for e2c35.gcp.gvt2.com failed:
8월 25, 2023 09:25:39.927 ----- Certificate i=0 (CN=*.gcp.gvt2.com) -----
8월 25, 2023 09:25:39.928 ERROR: Time is after notAfter
8월 25, 2023 09:25:39.928 
8월 25, 2023 09:25:39.928 
8월 25, 2023 09:26:39.656 [5908:11640:0825/092639.656:ERROR:cert_verify_proc_builtin.cc(701)] CertVerifyProcBuiltin for e2c27.gcp.gvt2.com failed:
8월 25, 2023 09:26:39.657 ----- Certificate i=0 (CN=*.gcp.gvt2.com) -----
8월 25, 2023 09:26:39.657 ERROR: Time is after notAfter
8월 25, 2023 09:26:39.657 
8월 25, 2023 09:26:39.657 
8월 25, 2023 09:26:40.951 [5908:11640:0825/092640.951:ERROR:cert_verify_proc_builtin.cc(701)] CertVerifyProcBuiltin for e2c10.gcp.gvt2.com failed:
8월 25, 2023 09:26:40.952 ----- Certificate i=0 (CN=*.gcp.gvt2.com) -----
8월 25, 2023 09:26:40.952 ERROR: Time is after notAfter
8월 25, 2023 09:26:40.952 
8월 25, 2023 09:26:40.952 
8월 25, 2023 09:26:41.905 [5908:11640:0825/092641.905:ERROR:cert_verify_proc_builtin.cc(701)] CertVerifyProcBuiltin for beacons.gcp.gvt2.com failed:
8월 25, 2023 09:26:41.905 ----- Certificate i=0 (CN=*.gcp.gvt2.com) -----
8월 25, 2023 09:26:41.905 ERROR: Time is after notAfter
8월 25, 2023 09:26:41.906 
8월 25, 2023 09:26:41.906 
8월 25, 2023 09:51:47.58 [5908:10580:0825/095147.057:ERROR:interface_endpoint_client.cc(702)] Message 0 rejected by interface blink.mojom.WidgetHost
8월 25, 2023 10:07:01.564 [5908:11640:0825/100701.563:ERROR:cert_verify_proc_builtin.cc(701)] CertVerifyProcBuiltin for beacons.gcp.gvt2.com failed:
8월 25, 2023 10:07:01.564 ----- Certificate i=0 (CN=*.gcp.gvt2.com) -----
8월 25, 2023 10:07:01.565 ERROR: Time is after notAfter
8월 25, 2023 10:07:01.565 
8월 25, 2023 10:07:01.565 
8월 25, 2023 10:21:02.280 [5908:11640:0825/102102.279:ERROR:cert_verify_proc_builtin.cc(701)] CertVerifyProcBuiltin for e2c61.gcp.gvt2.com failed:
8월 25, 2023 10:21:02.281 ----- Certificate i=0 (CN=*.gcp.gvt2.com) -----
8월 25, 2023 10:21:02.281 ERROR: Time is after notAfter
8월 25, 2023 10:21:02.281 
8월 25, 2023 10:21:02.282 
8월 25, 2023 11:07:53.473 [5908:11640:0825/110753.473:ERROR:cert_verify_proc_builtin.cc(701)] CertVerifyProcBuiltin for beacons.gcp.gvt2.com failed:
8월 25, 2023 11:07:53.474 ----- Certificate i=0 (CN=*.gcp.gvt2.com) -----
8월 25, 2023 11:07:53.475 ERROR: Time is after notAfter
8월 25, 2023 11:07:53.475 
8월 25, 2023 11:07:53.476 
8월 25, 2023 12:15:24.20 [5908:11640:0825/121524.019:ERROR:cert_verify_proc_builtin.cc(701)] CertVerifyProcBuiltin for beacons.gcp.gvt2.com failed:
8월 25, 2023 12:15:24.20 ----- Certificate i=0 (CN=*.gcp.gvt2.com) -----
8월 25, 2023 12:15:24.21 ERROR: Time is after notAfter
8월 25, 2023 12:15:24.21 
8월 25, 2023 12:15:24.21 
8월 25, 2023 12:15:27.512 [5908:11640:0825/121527.511:ERROR:cert_verify_proc_builtin.cc(701)] CertVerifyProcBuiltin for e2c1.gcp.gvt2.com failed:
8월 25, 2023 12:15:27.512 ----- Certificate i=0 (CN=*.gcp.gvt2.com) -----
8월 25, 2023 12:15:27.512 ERROR: Time is after notAfter
8월 25, 2023 12:15:27.513 
8월 25, 2023 12:15:27.513 
8월 25, 2023 12:17:00.479 [5908:11640:0825/121700.479:ERROR:cert_verify_proc_builtin.cc(701)] CertVerifyProcBuiltin for e2c4.gcp.gvt2.com failed:
8월 25, 2023 12:17:00.480 ----- Certificate i=0 (CN=*.gcp.gvt2.com) -----
8월 25, 2023 12:17:00.480 ERROR: Time is after notAfter
8월 25, 2023 12:17:00.480 
8월 25, 2023 12:17:00.480 
8월 25, 2023 12:22:03.620 [5908:10580:0825/122203.620:ERROR:interface_endpoint_client.cc(702)] Message 0 rejected by interface blink.mojom.WidgetHost
8월 25, 2023 12:42:12.341 [5908:11640:0825/124212.340:ERROR:cert_verify_proc_builtin.cc(701)] CertVerifyProcBuiltin for e2c38.gcp.gvt2.com failed:
8월 25, 2023 12:42:12.341 ----- Certificate i=0 (CN=*.gcp.gvt2.com) -----
8월 25, 2023 12:42:12.341 ERROR: Time is after notAfter
8월 25, 2023 12:42:12.341 
8월 25, 2023 12:42:12.342 
8월 25, 2023 12:56:33.06 [5908:11640:0825/125633.005:ERROR:cert_verify_proc_builtin.cc(701)] CertVerifyProcBuiltin for beacons.gcp.gvt2.com failed:
8월 25, 2023 12:56:33.06 ----- Certificate i=0 (CN=*.gcp.gvt2.com) -----
8월 25, 2023 12:56:33.06 ERROR: Time is after notAfter
8월 25, 2023 12:56:33.07 
8월 25, 2023 12:56:33.07 
8월 25, 2023 13:36:50.673 [5908:11640:0825/133650.673:ERROR:cert_verify_proc_builtin.cc(701)] CertVerifyProcBuiltin for beacons.gcp.gvt2.com failed:
8월 25, 2023 13:36:50.674 ----- Certificate i=0 (CN=*.gcp.gvt2.com) -----
8월 25, 2023 13:36:50.675 ERROR: Time is after notAfter
8월 25, 2023 13:36:50.675 
8월 25, 2023 13:36:50.676 
8월 25, 2023 13:55:22.371 [5908:11640:0825/135522.371:ERROR:cert_verify_proc_builtin.cc(701)] CertVerifyProcBuiltin for beacons.gcp.gvt2.com failed:
8월 25, 2023 13:55:22.371 ----- Certificate i=0 (CN=*.gcp.gvt2.com) -----
8월 25, 2023 13:55:22.372 ERROR: Time is after notAfter
8월 25, 2023 13:55:22.372 
8월 25, 2023 13:55:22.372 
8월 25, 2023 13:55:35.211 [5908:11640:0825/135535.211:ERROR:cert_verify_proc_builtin.cc(701)] CertVerifyProcBuiltin for e2c22.gcp.gvt2.com failed:
8월 25, 2023 13:55:35.212 ----- Certificate i=0 (CN=*.gcp.gvt2.com) -----
8월 25, 2023 13:55:35.212 ERROR: Time is after notAfter
8월 25, 2023 13:55:35.212 
8월 25, 2023 13:55:35.213 
8월 25, 2023 14:30:18.61 [5908:11640:0825/143018.060:ERROR:cert_verify_proc_builtin.cc(701)] CertVerifyProcBuiltin for e2c65.gcp.gvt2.com failed:
8월 25, 2023 14:30:18.61 ----- Certificate i=0 (CN=*.gcp.gvt2.com) -----
8월 25, 2023 14:30:18.62 ERROR: Time is after notAfter
8월 25, 2023 14:30:18.62 
8월 25, 2023 14:30:18.62 
8월 25, 2023 14:30:20.886 [5908:11640:0825/143020.885:ERROR:cert_verify_proc_builtin.cc(701)] CertVerifyProcBuiltin for e2c11.gcp.gvt2.com failed:
8월 25, 2023 14:30:20.886 ----- Certificate i=0 (CN=*.gcp.gvt2.com) -----
8월 25, 2023 14:30:20.887 ERROR: Time is after notAfter
8월 25, 2023 14:30:20.887 
8월 25, 2023 14:30:20.887 
8월 25, 2023 14:30:25.687 [5908:11640:0825/143025.686:ERROR:cert_verify_proc_builtin.cc(701)] CertVerifyProcBuiltin for e2c34.gcp.gvt2.com failed:
8월 25, 2023 14:30:25.687 ----- Certificate i=0 (CN=*.gcp.gvt2.com) -----
8월 25, 2023 14:30:25.688 ERROR: Time is after notAfter
8월 25, 2023 14:30:25.688 
8월 25, 2023 14:30:25.688 
8월 25, 2023 14:31:26.396 [5908:11640:0825/143126.395:ERROR:cert_verify_proc_builtin.cc(701)] CertVerifyProcBuiltin for beacons.gcp.gvt2.com failed:
8월 25, 2023 14:31:26.396 ----- Certificate i=0 (CN=*.gcp.gvt2.com) -----
8월 25, 2023 14:31:26.397 ERROR: Time is after notAfter
8월 25, 2023 14:31:26.397 
8월 25, 2023 14:31:26.397 
8월 25, 2023 14:31:26.861 [5908:11640:0825/143126.861:ERROR:cert_verify_proc_builtin.cc(701)] CertVerifyProcBuiltin for e2cs37.gcp.gvt2.com failed:
8월 25, 2023 14:31:26.863 ----- Certificate i=0 (CN=*.gcp.gvt2.com) -----
8월 25, 2023 14:31:26.864 ERROR: Time is after notAfter
8월 25, 2023 14:31:26.864 
8월 25, 2023 14:31:26.865 
8월 25, 2023 14:31:31.114 [5908:11640:0825/143131.114:ERROR:cert_verify_proc_builtin.cc(701)] CertVerifyProcBuiltin for e2c17.gcp.gvt2.com failed:
8월 25, 2023 14:31:31.114 ----- Certificate i=0 (CN=*.gcp.gvt2.com) -----
8월 25, 2023 14:31:31.115 ERROR: Time is after notAfter
8월 25, 2023 14:31:31.115 
8월 25, 2023 14:31:31.115 
8월 25, 2023 14:52:10.449 [5908:11640:0825/145210.449:ERROR:cert_verify_proc_builtin.cc(701)] CertVerifyProcBuiltin for e2c36.gcp.gvt2.com failed:
8월 25, 2023 14:52:10.450 ----- Certificate i=0 (CN=*.gcp.gvt2.com) -----
8월 25, 2023 14:52:10.450 ERROR: Time is after notAfter
8월 25, 2023 14:52:10.450 
8월 25, 2023 14:52:10.450 
8월 25, 2023 15:13:57.389 [5908:11640:0825/151357.388:ERROR:cert_verify_proc_builtin.cc(701)] CertVerifyProcBuiltin for e2c40.gcp.gvt2.com failed:
8월 25, 2023 15:13:57.389 ----- Certificate i=0 (CN=*.gcp.gvt2.com) -----
8월 25, 2023 15:13:57.389 ERROR: Time is after notAfter
8월 25, 2023 15:13:57.389 
8월 25, 2023 15:13:57.389 
8월 25, 2023 15:13:58.618 [5908:11640:0825/151358.617:ERROR:cert_verify_proc_builtin.cc(701)] CertVerifyProcBuiltin for e2c4.gcp.gvt2.com failed:
8월 25, 2023 15:13:58.618 ----- Certificate i=0 (CN=*.gcp.gvt2.com) -----
8월 25, 2023 15:13:58.618 ERROR: Time is after notAfter
8월 25, 2023 15:13:58.618 
8월 25, 2023 15:13:58.619 
8월 25, 2023 15:20:33.486 [5908:11640:0825/152033.486:ERROR:cert_verify_proc_builtin.cc(701)] CertVerifyProcBuiltin for beacons.gcp.gvt2.com failed:
8월 25, 2023 15:20:33.487 ----- Certificate i=0 (CN=*.gcp.gvt2.com) -----
8월 25, 2023 15:20:33.487 ERROR: Time is after notAfter
8월 25, 2023 15:20:33.487 
8월 25, 2023 15:20:33.487 
8월 25, 2023 16:13:37.637 [5908:11640:0825/161337.637:ERROR:cert_verify_proc_builtin.cc(701)] CertVerifyProcBuiltin for beacons.gcp.gvt2.com failed:
8월 25, 2023 16:13:37.638 ----- Certificate i=0 (CN=*.gcp.gvt2.com) -----
8월 25, 2023 16:13:37.638 ERROR: Time is after notAfter
8월 25, 2023 16:13:37.638 
8월 25, 2023 16:13:37.639 
8월 25, 2023 16:20:41.197 [5908:11640:0825/162041.197:ERROR:cert_verify_proc_builtin.cc(701)] CertVerifyProcBuiltin for e2c6.gcp.gvt2.com failed:
8월 25, 2023 16:20:41.198 ----- Certificate i=0 (CN=*.gcp.gvt2.com) -----
8월 25, 2023 16:20:41.198 ERROR: Time is after notAfter
8월 25, 2023 16:20:41.198 
8월 25, 2023 16:20:41.199 
8월 25, 2023 16:25:11.216 [5908:11640:0825/162511.216:ERROR:cert_verify_proc_builtin.cc(701)] CertVerifyProcBuiltin for e2c22.gcp.gvt2.com failed:
8월 25, 2023 16:25:11.216 ----- Certificate i=0 (CN=*.gcp.gvt2.com) -----
8월 25, 2023 16:25:11.216 ERROR: Time is after notAfter
8월 25, 2023 16:25:11.216 
8월 25, 2023 16:25:11.216 

8월 28, 2023 16:10:00.727 NEW SESSION
8월 28, 2023 16:10:00.727 [7144:10588:0828/161000.725:ERROR:cert_verify_proc_builtin.cc(701)] CertVerifyProcBuiltin for beacons.gcp.gvt2.com failed:
8월 28, 2023 16:10:00.736 ----- Certificate i=0 (CN=*.gcp.gvt2.com) -----
8월 28, 2023 16:10:00.737 ERROR: Time is after notAfter
8월 28, 2023 16:10:00.737 
8월 28, 2023 16:10:00.737 
8월 28, 2023 16:29:18.707 [7144:10588:0828/162918.707:ERROR:cert_verify_proc_builtin.cc(701)] CertVerifyProcBuiltin for e2c35.gcp.gvt2.com failed:
8월 28, 2023 16:29:18.708 ----- Certificate i=0 (CN=*.gcp.gvt2.com) -----
8월 28, 2023 16:29:18.708 ERROR: Time is after notAfter
8월 28, 2023 16:29:18.708 
8월 28, 2023 16:29:18.708 
8월 28, 2023 16:29:20.563 [7144:10588:0828/162920.562:ERROR:cert_verify_proc_builtin.cc(701)] CertVerifyProcBuiltin for e2c12.gcp.gvt2.com failed:
8월 28, 2023 16:29:20.563 ----- Certificate i=0 (CN=*.gcp.gvt2.com) -----
8월 28, 2023 16:29:20.563 ERROR: Time is after notAfter
8월 28, 2023 16:29:20.564 
8월 28, 2023 16:29:20.564 
8월 28, 2023 16:31:23.744 [7144:10588:0828/163123.743:ERROR:cert_verify_proc_builtin.cc(701)] CertVerifyProcBuiltin for e2c36.gcp.gvt2.com failed:
8월 28, 2023 16:31:23.744 ----- Certificate i=0 (CN=*.gcp.gvt2.com) -----
8월 28, 2023 16:31:23.744 ERROR: Time is after notAfter
8월 28, 2023 16:31:23.745 
8월 28, 2023 16:31:23.745 
8월 28, 2023 16:31:27.571 [7144:10588:0828/163127.571:ERROR:cert_verify_proc_builtin.cc(701)] CertVerifyProcBuiltin for e2c53.gcp.gvt2.com failed:
8월 28, 2023 16:31:27.571 ----- Certificate i=0 (CN=*.gcp.gvt2.com) -----
8월 28, 2023 16:31:27.571 ERROR: Time is after notAfter
8월 28, 2023 16:31:27.571 
8월 28, 2023 16:31:27.572 
8월 28, 2023 16:33:12.18 [7144:10588:0828/163312.018:ERROR:cert_verify_proc_builtin.cc(701)] CertVerifyProcBuiltin for cookie-sync.api.soundcast.fm failed:
8월 28, 2023 16:33:12.18 ----- Certificate i=0 (CN=*.api.soundcast.fm) -----
8월 28, 2023 16:33:12.18 ERROR: Time is after notAfter
8월 28, 2023 16:33:12.18 
8월 28, 2023 16:33:12.18 
8월 28, 2023 16:38:39.611 [7144:10588:0828/163839.611:ERROR:cert_verify_proc_builtin.cc(701)] CertVerifyProcBuiltin for e2c14.gcp.gvt2.com failed:
8월 28, 2023 16:38:39.611 ----- Certificate i=0 (CN=*.gcp.gvt2.com) -----
8월 28, 2023 16:38:39.612 ERROR: Time is after notAfter
8월 28, 2023 16:38:39.612 
8월 28, 2023 16:38:39.612 
8월 28, 2023 16:38:53.927 [7144:4716:0828/163853.927:ERROR:cert_verify_proc_builtin.cc(701)] CertVerifyProcBuiltin for e2c20.gcp.gvt2.com failed:
8월 28, 2023 16:38:53.927 ----- Certificate i=0 (CN=*.gcp.gvt2.com) -----
8월 28, 2023 16:38:53.928 ERROR: Time is after notAfter
8월 28, 2023 16:38:53.928 
8월 28, 2023 16:38:53.928 
8월 28, 2023 16:39:10.579 [7144:10588:0828/163910.578:ERROR:cert_verify_proc_builtin.cc(701)] CertVerifyProcBuiltin for e2c50.gcp.gvt2.com failed:
8월 28, 2023 16:39:10.579 ----- Certificate i=0 (CN=*.gcp.gvt2.com) -----
8월 28, 2023 16:39:10.579 ERROR: Time is after notAfter
8월 28, 2023 16:39:10.579 
8월 28, 2023 16:39:10.579 
8월 28, 2023 16:43:06.845 [7144:10588:0828/164306.844:ERROR:cert_verify_proc_builtin.cc(701)] CertVerifyProcBuiltin for e2c11.gcp.gvt2.com failed:
8월 28, 2023 16:43:06.845 ----- Certificate i=0 (CN=*.gcp.gvt2.com) -----
8월 28, 2023 16:43:06.845 ERROR: Time is after notAfter
8월 28, 2023 16:43:06.845 
8월 28, 2023 16:43:06.845 

8월 29, 2023 10:29:21.328 NEW SESSION
8월 29, 2023 10:29:21.328 [1712:13092:0829/102921.322:ERROR:cert_verify_proc_builtin.cc(701)] CertVerifyProcBuiltin for beacons.gcp.gvt2.com failed:
8월 29, 2023 10:29:21.329 ----- Certificate i=0 (CN=*.gcp.gvt2.com) -----
8월 29, 2023 10:29:21.330 ERROR: Time is after notAfter
8월 29, 2023 10:29:21.330 
8월 29, 2023 10:29:21.331 
8월 29, 2023 10:30:21.669 [1712:13092:0829/103021.669:ERROR:cert_verify_proc_builtin.cc(701)] CertVerifyProcBuiltin for e2c23.gcp.gvt2.com failed:
8월 29, 2023 10:30:21.670 ----- Certificate i=0 (CN=*.gcp.gvt2.com) -----
8월 29, 2023 10:30:21.670 ERROR: Time is after notAfter
8월 29, 2023 10:30:21.670 
8월 29, 2023 10:30:21.671 
8월 29, 2023 12:28:12.214 [1712:13092:0829/122812.214:ERROR:cert_verify_proc_builtin.cc(701)] CertVerifyProcBuiltin for e2c20.gcp.gvt2.com failed:
8월 29, 2023 12:28:12.217 ----- Certificate i=0 (CN=*.gcp.gvt2.com) -----
8월 29, 2023 12:28:12.218 ERROR: Time is after notAfter
8월 29, 2023 12:28:12.218 
8월 29, 2023 12:28:12.219 
8월 29, 2023 12:35:31.971 [1712:13092:0829/123531.971:ERROR:cert_verify_proc_builtin.cc(701)] CertVerifyProcBuiltin for e2c12.gcp.gvt2.com failed:
8월 29, 2023 12:35:31.972 ----- Certificate i=0 (CN=*.gcp.gvt2.com) -----
8월 29, 2023 12:35:31.972 ERROR: Time is after notAfter
8월 29, 2023 12:35:31.972 
8월 29, 2023 12:35:31.972 
8월 29, 2023 12:36:31.938 [1712:13092:0829/123631.938:ERROR:cert_verify_proc_builtin.cc(701)] CertVerifyProcBuiltin for beacons.gcp.gvt2.com failed:
8월 29, 2023 12:36:31.938 ----- Certificate i=0 (CN=*.gcp.gvt2.com) -----
8월 29, 2023 12:36:31.938 ERROR: Time is after notAfter
8월 29, 2023 12:36:31.938 
8월 29, 2023 12:36:31.938 
8월 29, 2023 15:21:05.869 [1712:13092:0829/152105.869:ERROR:cert_verify_proc_builtin.cc(701)] CertVerifyProcBuiltin for beacons.gcp.gvt2.com failed:
8월 29, 2023 15:21:05.870 ----- Certificate i=0 (CN=*.gcp.gvt2.com) -----
8월 29, 2023 15:21:05.870 ERROR: Time is after notAfter
8월 29, 2023 15:21:05.870 
8월 29, 2023 15:21:05.870 
8월 29, 2023 15:21:28.544 [1712:13092:0829/152128.543:ERROR:cert_verify_proc_builtin.cc(701)] CertVerifyProcBuiltin for e2c23.gcp.gvt2.com failed:
8월 29, 2023 15:21:28.544 ----- Certificate i=0 (CN=*.gcp.gvt2.com) -----
8월 29, 2023 15:21:28.544 ERROR: Time is after notAfter
8월 29, 2023 15:21:28.544 
8월 29, 2023 15:21:28.544 
8월 29, 2023 15:22:51.08 [1712:13092:0829/152251.007:ERROR:cert_verify_proc_builtin.cc(701)] CertVerifyProcBuiltin for e2c32.gcp.gvt2.com failed:
8월 29, 2023 15:22:51.08 ----- Certificate i=0 (CN=*.gcp.gvt2.com) -----
8월 29, 2023 15:22:51.08 ERROR: Time is after notAfter
8월 29, 2023 15:22:51.08 
8월 29, 2023 15:22:51.08 
8월 29, 2023 15:31:05.702 [1712:13092:0829/153105.702:ERROR:cert_verify_proc_builtin.cc(701)] CertVerifyProcBuiltin for beacons.gcp.gvt2.com failed:
8월 29, 2023 15:31:05.703 ----- Certificate i=0 (CN=*.gcp.gvt2.com) -----
8월 29, 2023 15:31:05.703 ERROR: Time is after notAfter
8월 29, 2023 15:31:05.704 
8월 29, 2023 15:31:05.704 

8월 30, 2023 09:43:54.570 NEW SESSION
8월 30, 2023 09:43:54.570 [32:5960:0830/094354.568:ERROR:cert_verify_proc_builtin.cc(701)] CertVerifyProcBuiltin for e2c8.gcp.gvt2.com failed:
8월 30, 2023 09:43:54.586 ----- Certificate i=0 (CN=*.gcp.gvt2.com) -----
8월 30, 2023 09:43:54.587 ERROR: Time is after notAfter
8월 30, 2023 09:43:54.587 
8월 30, 2023 09:43:54.595 
8월 30, 2023 09:44:06.758 [32:5960:0830/094406.758:ERROR:cert_verify_proc_builtin.cc(701)] CertVerifyProcBuiltin for e2c7.gcp.gvt2.com failed:
8월 30, 2023 09:44:06.759 ----- Certificate i=0 (CN=*.gcp.gvt2.com) -----
8월 30, 2023 09:44:06.759 ERROR: Time is after notAfter
8월 30, 2023 09:44:06.759 
8월 30, 2023 09:44:06.759 
8월 30, 2023 09:44:47.925 [32:5960:0830/094447.925:ERROR:cert_verify_proc_builtin.cc(701)] CertVerifyProcBuiltin for e2c44.gcp.gvt2.com failed:
8월 30, 2023 09:44:47.925 ----- Certificate i=0 (CN=*.gcp.gvt2.com) -----
8월 30, 2023 09:44:47.925 ERROR: Time is after notAfter
8월 30, 2023 09:44:47.925 
8월 30, 2023 09:44:47.925 
8월 30, 2023 11:17:52.576 [9712:4328:0830/111752.575:ERROR:interface_endpoint_client.cc(702)] Message 0 rejected by interface blink.mojom.WidgetHost
8월 30, 2023 11:18:26.702 [6492:7076:0830/111826.702:ERROR:interface_endpoint_client.cc(702)] Message 0 rejected by interface blink.mojom.WidgetHost
